# JRE version: Java(TM) SE Runtime Environment (8.0_25-b18) (build 1.8.0_25-b18)
# Java VM: Java HotSpot(TM) 64-Bit Server VM (25.25-b02 mixed mode windows-amd64 compressed oops)
Heap:
 PSYoungGen      total 262144K, used 236344K [0x00000000eab00000, 0x00000000fd600000, 0x0000000100000000)
  eden space 219136K, 95% used [0x00000000eab00000,0x00000000f77a3d10,0x00000000f8100000)
  from space 43008K, 62% used [0x00000000fac00000,0x00000000fc62a360,0x00000000fd600000)
  to   space 43520K, 0% used [0x00000000f8100000,0x00000000f8100000,0x00000000fab80000)
 ParOldGen       total 292352K, used 80171K [0x00000000c0000000, 0x00000000d1d80000, 0x00000000eab00000)
  object space 292352K, 27% used [0x00000000c0000000,0x00000000c4e4ac10,0x00000000d1d80000)
 Metaspace       used 97966K, capacity 102353K, committed 153216K, reserved 1177600K
  class space    used 12911K, capacity 14281K, committed 25472K, reserved 1048576K
GC Heap History (10 events):
Event: 24649.404 GC heap before
{Heap before GC invocations=84 (full 21):
 PSYoungGen      total 252416K, used 207664K [0x00000000eab00000, 0x00000000fd700000, 0x0000000100000000)
  eden space 202240K, 100% used [0x00000000eab00000,0x00000000f7080000,0x00000000f7080000)
  from space 50176K, 10% used [0x00000000fa280000,0x00000000fa7cc050,0x00000000fd380000)
  to   space 51200K, 0% used [0x00000000f7080000,0x00000000f7080000,0x00000000fa280000)
 ParOldGen       total 292352K, used 84615K [0x00000000c0000000, 0x00000000d1d80000, 0x00000000eab00000)
  object space 292352K, 28% used [0x00000000c0000000,0x00000000c52a1e78,0x00000000d1d80000)
 Metaspace       used 89790K, capacity 94199K, committed 153216K, reserved 1177600K
  class space    used 11899K, capacity 13322K, committed 25472K, reserved 1048576K
Event: 24649.427 GC heap after
Heap after GC invocations=84 (full 21):
 PSYoungGen      total 253440K, used 23072K [0x00000000eab00000, 0x00000000fd780000, 0x0000000100000000)
  eden space 202240K, 0% used [0x00000000eab00000,0x00000000eab00000,0x00000000f7080000)
  from space 51200K, 45% used [0x00000000f7080000,0x00000000f8708240,0x00000000fa280000)
  to   space 48640K, 0% used [0x00000000fa800000,0x00000000fa800000,0x00000000fd780000)
 ParOldGen       total 292352K, used 84615K [0x00000000c0000000, 0x00000000d1d80000, 0x00000000eab00000)
  object space 292352K, 28% used [0x00000000c0000000,0x00000000c52a1e78,0x00000000d1d80000)
 Metaspace       used 89790K, capacity 94199K, committed 153216K, reserved 1177600K
  class space    used 11899K, capacity 13322K, committed 25472K, reserved 1048576K
}
Event: 24650.139 GC heap before
{Heap before GC invocations=85 (full 21):
 PSYoungGen      total 253440K, used 73592K [0x00000000eab00000, 0x00000000fd780000, 0x0000000100000000)
  eden space 202240K, 24% used [0x00000000eab00000,0x00000000edc56140,0x00000000f7080000)
  from space 51200K, 45% used [0x00000000f7080000,0x00000000f8708240,0x00000000fa280000)
  to   space 48640K, 0% used [0x00000000fa800000,0x00000000fa800000,0x00000000fd780000)
 ParOldGen       total 292352K, used 84615K [0x00000000c0000000, 0x00000000d1d80000, 0x00000000eab00000)
  object space 292352K, 28% used [0x00000000c0000000,0x00000000c52a1e78,0x00000000d1d80000)
 Metaspace       used 91212K, capacity 95836K, committed 153216K, reserved 1177600K
  class space    used 12154K, capacity 13630K, committed 25472K, reserved 1048576K
Event: 24650.170 GC heap after
Heap after GC invocations=85 (full 21):
 PSYoungGen      total 254976K, used 24041K [0x00000000eab00000, 0x00000000fd380000, 0x0000000100000000)
  eden space 210432K, 0% used [0x00000000eab00000,0x00000000eab00000,0x00000000f7880000)
  from space 44544K, 53% used [0x00000000fa800000,0x00000000fbf7a790,0x00000000fd380000)
  to   space 46592K, 0% used [0x00000000f7880000,0x00000000f7880000,0x00000000fa600000)
 ParOldGen       total 292352K, used 84615K [0x00000000c0000000, 0x00000000d1d80000, 0x00000000eab00000)
  object space 292352K, 28% used [0x00000000c0000000,0x00000000c52a1e78,0x00000000d1d80000)
 Metaspace       used 91212K, capacity 95836K, committed 153216K, reserved 1177600K
  class space    used 12154K, capacity 13630K, committed 25472K, reserved 1048576K
}
Event: 24650.170 GC heap before
{Heap before GC invocations=86 (full 22):
 PSYoungGen      total 254976K, used 24041K [0x00000000eab00000, 0x00000000fd380000, 0x0000000100000000)
  eden space 210432K, 0% used [0x00000000eab00000,0x00000000eab00000,0x00000000f7880000)
  from space 44544K, 53% used [0x00000000fa800000,0x00000000fbf7a790,0x00000000fd380000)
  to   space 46592K, 0% used [0x00000000f7880000,0x00000000f7880000,0x00000000fa600000)
 ParOldGen       total 292352K, used 84615K [0x00000000c0000000, 0x00000000d1d80000, 0x00000000eab00000)
  object space 292352K, 28% used [0x00000000c0000000,0x00000000c52a1e78,0x00000000d1d80000)
 Metaspace       used 91212K, capacity 95836K, committed 153216K, reserved 1177600K
  class space    used 12154K, capacity 13630K, committed 25472K, reserved 1048576K
Event: 24650.980 GC heap after
Heap after GC invocations=86 (full 22):
 PSYoungGen      total 254976K, used 0K [0x00000000eab00000, 0x00000000fd380000, 0x0000000100000000)
  eden space 210432K, 0% used [0x00000000eab00000,0x00000000eab00000,0x00000000f7880000)
  from space 44544K, 0% used [0x00000000fa800000,0x00000000fa800000,0x00000000fd380000)
  to   space 46592K, 0% used [0x00000000f7880000,0x00000000f7880000,0x00000000fa600000)
 ParOldGen       total 292352K, used 80163K [0x00000000c0000000, 0x00000000d1d80000, 0x00000000eab00000)
  object space 292352K, 27% used [0x00000000c0000000,0x00000000c4e48c10,0x00000000d1d80000)
 Metaspace       used 89760K, capacity 92708K, committed 153216K, reserved 1177600K
  class space    used 11651K, capacity 12539K, committed 25472K, reserved 1048576K
}
Event: 24660.057 GC heap before
{Heap before GC invocations=87 (full 22):
 PSYoungGen      total 254976K, used 210432K [0x00000000eab00000, 0x00000000fd380000, 0x0000000100000000)
  eden space 210432K, 100% used [0x00000000eab00000,0x00000000f7880000,0x00000000f7880000)
  from space 44544K, 0% used [0x00000000fa800000,0x00000000fa800000,0x00000000fd380000)
  to   space 46592K, 0% used [0x00000000f7880000,0x00000000f7880000,0x00000000fa600000)
 ParOldGen       total 292352K, used 80163K [0x00000000c0000000, 0x00000000d1d80000, 0x00000000eab00000)
  object space 292352K, 27% used [0x00000000c0000000,0x00000000c4e48c10,0x00000000d1d80000)
 Metaspace       used 95488K, capacity 99292K, committed 153216K, reserved 1177600K
  class space    used 12528K, capacity 13703K, committed 25472K, reserved 1048576K
Event: 24660.080 GC heap after
Heap after GC invocations=87 (full 22):
 PSYoungGen      total 257024K, used 22782K [0x00000000eab00000, 0x00000000fd780000, 0x0000000100000000)
  eden space 210432K, 0% used [0x00000000eab00000,0x00000000eab00000,0x00000000f7880000)
  from space 46592K, 48% used [0x00000000f7880000,0x00000000f8ebf970,0x00000000fa600000)
  to   space 44544K, 0% used [0x00000000fac00000,0x00000000fac00000,0x00000000fd780000)
 ParOldGen       total 292352K, used 80171K [0x00000000c0000000, 0x00000000d1d80000, 0x00000000eab00000)
  object space 292352K, 27% used [0x00000000c0000000,0x00000000c4e4ac10,0x00000000d1d80000)
 Metaspace       used 95488K, capacity 99292K, committed 153216K, reserved 1177600K
  class space    used 12528K, capacity 13703K, committed 25472K, reserved 1048576K
}
Event: 24667.947 GC heap before
{Heap before GC invocations=88 (full 22):
 PSYoungGen      total 257024K, used 233214K [0x00000000eab00000, 0x00000000fd780000, 0x0000000100000000)
  eden space 210432K, 100% used [0x00000000eab00000,0x00000000f7880000,0x00000000f7880000)
  from space 46592K, 48% used [0x00000000f7880000,0x00000000f8ebf970,0x00000000fa600000)
  to   space 44544K, 0% used [0x00000000fac00000,0x00000000fac00000,0x00000000fd780000)
 ParOldGen       total 292352K, used 80171K [0x00000000c0000000, 0x00000000d1d80000, 0x00000000eab00000)
  object space 292352K, 27% used [0x00000000c0000000,0x00000000c4e4ac10,0x00000000d1d80000)
 Metaspace       used 96758K, capacity 100627K, committed 153216K, reserved 1177600K
  class space    used 12692K, capacity 13886K, committed 25472K, reserved 1048576K
Event: 24667.985 GC heap after
Heap after GC invocations=88 (full 22):
 PSYoungGen      total 262144K, used 26792K [0x00000000eab00000, 0x00000000fd600000, 0x0000000100000000)
  eden space 219136K, 0% used [0x00000000eab00000,0x00000000eab00000,0x00000000f8100000)
  from space 43008K, 62% used [0x00000000fac00000,0x00000000fc62a360,0x00000000fd600000)
  to   space 43520K, 0% used [0x00000000f8100000,0x00000000f8100000,0x00000000fab80000)
 ParOldGen       total 292352K, used 80171K [0x00000000c0000000, 0x00000000d1d80000, 0x00000000eab00000)
  object space 292352K, 27% used [0x00000000c0000000,0x00000000c4e4ac10,0x00000000d1d80000)
 Metaspace       used 96758K, capacity 100627K, committed 153216K, reserved 1177600K
  class space    used 12692K, capacity 13886K, committed 25472K, reserved 1048576K
}

